This is pdfTeX, Version 3.14159265-2.6-1.40.16 (TeX Live 2015) (preloaded format=pdflatex 2015.11.7)  12 OCT 2016 21:55
entering extended mode
 restricted \write18 enabled.
 %&-line parsing enabled.
**canopee-docs.tex
(./canopee-docs.tex
LaTeX2e <2015/10/01> patch level 2
Babel <3.9m> and hyphenation patterns for 79 languages loaded.
(./sphinxmanual.cls
Document Class: sphinxmanual 2009/06/02 Document class (Sphinx manual)
(/usr/local/texlive/2015/texmf-dist/tex/latex/base/report.cls
Document Class: report 2014/09/29 v1.4h Standard LaTeX document class
(/usr/local/texlive/2015/texmf-dist/tex/latex/base/size12.clo
File: size12.clo 2014/09/29 v1.4h Standard LaTeX file (size option)
)
\c@part=\count79
\c@chapter=\count80
\c@section=\count81
\c@subsection=\count82
\c@subsubsection=\count83
\c@paragraph=\count84
\c@subparagraph=\count85
\c@figure=\count86
\c@table=\count87
\abovecaptionskip=\skip41
\belowcaptionskip=\skip42
\bibindent=\dimen102
)) (./iftex.sty
Package: iftex 2013/04/04 v0.2 Provides if(tex) conditional for PDFTeX, XeTeX, 
and LuaTeX
)
(/usr/local/texlive/2015/texmf-dist/tex/latex/base/inputenc.sty
Package: inputenc 2015/03/17 v1.2c Input encoding file
\inpenc@prehook=\toks14
\inpenc@posthook=\toks15

(/usr/local/texlive/2015/texmf-dist/tex/latex/base/utf8.def
File: utf8.def 2015/09/07 v1.1p UTF-8 support for inputenc
Now handling font encoding OML ...
... no UTF-8 mapping file for font encoding OML
Now handling font encoding T1 ...
... processing UTF-8 mapping file for font encoding T1

(/usr/local/texlive/2015/texmf-dist/tex/latex/base/t1enc.dfu
File: t1enc.dfu 2015/09/07 v1.1p UTF-8 support for inputenc
   defining Unicode char U+00A0 (decimal 160)
   defining Unicode char U+00A1 (decimal 161)
   defining Unicode char U+00A3 (decimal 163)
   defining Unicode char U+00AB (decimal 171)
   defining Unicode char U+00AD (decimal 173)
   defining Unicode char U+00BB (decimal 187)
   defining Unicode char U+00BF (decimal 191)
   defining Unicode char U+00C0 (decimal 192)
   defining Unicode char U+00C1 (decimal 193)
   defining Unicode char U+00C2 (decimal 194)
   defining Unicode char U+00C3 (decimal 195)
   defining Unicode char U+00C4 (decimal 196)
   defining Unicode char U+00C5 (decimal 197)
   defining Unicode char U+00C6 (decimal 198)
   defining Unicode char U+00C7 (decimal 199)
   defining Unicode char U+00C8 (decimal 200)
   defining Unicode char U+00C9 (decimal 201)
   defining Unicode char U+00CA (decimal 202)
   defining Unicode char U+00CB (decimal 203)
   defining Unicode char U+00CC (decimal 204)
   defining Unicode char U+00CD (decimal 205)
   defining Unicode char U+00CE (decimal 206)
   defining Unicode char U+00CF (decimal 207)
   defining Unicode char U+00D0 (decimal 208)
   defining Unicode char U+00D1 (decimal 209)
   defining Unicode char U+00D2 (decimal 210)
   defining Unicode char U+00D3 (decimal 211)
   defining Unicode char U+00D4 (decimal 212)
   defining Unicode char U+00D5 (decimal 213)
   defining Unicode char U+00D6 (decimal 214)
   defining Unicode char U+00D8 (decimal 216)
   defining Unicode char U+00D9 (decimal 217)
   defining Unicode char U+00DA (decimal 218)
   defining Unicode char U+00DB (decimal 219)
   defining Unicode char U+00DC (decimal 220)
   defining Unicode char U+00DD (decimal 221)
   defining Unicode char U+00DE (decimal 222)
   defining Unicode char U+00DF (decimal 223)
   defining Unicode char U+00E0 (decimal 224)
   defining Unicode char U+00E1 (decimal 225)
   defining Unicode char U+00E2 (decimal 226)
   defining Unicode char U+00E3 (decimal 227)
   defining Unicode char U+00E4 (decimal 228)
   defining Unicode char U+00E5 (decimal 229)
   defining Unicode char U+00E6 (decimal 230)
   defining Unicode char U+00E7 (decimal 231)
   defining Unicode char U+00E8 (decimal 232)
   defining Unicode char U+00E9 (decimal 233)
   defining Unicode char U+00EA (decimal 234)
   defining Unicode char U+00EB (decimal 235)
   defining Unicode char U+00EC (decimal 236)
   defining Unicode char U+00ED (decimal 237)
   defining Unicode char U+00EE (decimal 238)
   defining Unicode char U+00EF (decimal 239)
   defining Unicode char U+00F0 (decimal 240)
   defining Unicode char U+00F1 (decimal 241)
   defining Unicode char U+00F2 (decimal 242)
   defining Unicode char U+00F3 (decimal 243)
   defining Unicode char U+00F4 (decimal 244)
   defining Unicode char U+00F5 (decimal 245)
   defining Unicode char U+00F6 (decimal 246)
   defining Unicode char U+00F8 (decimal 248)
   defining Unicode char U+00F9 (decimal 249)
   defining Unicode char U+00FA (decimal 250)
   defining Unicode char U+00FB (decimal 251)
   defining Unicode char U+00FC (decimal 252)
   defining Unicode char U+00FD (decimal 253)
   defining Unicode char U+00FE (decimal 254)
   defining Unicode char U+00FF (decimal 255)
   defining Unicode char U+0102 (decimal 258)
   defining Unicode char U+0103 (decimal 259)
   defining Unicode char U+0104 (decimal 260)
   defining Unicode char U+0105 (decimal 261)
   defining Unicode char U+0106 (decimal 262)
   defining Unicode char U+0107 (decimal 263)
   defining Unicode char U+010C (decimal 268)
   defining Unicode char U+010D (decimal 269)
   defining Unicode char U+010E (decimal 270)
   defining Unicode char U+010F (decimal 271)
   defining Unicode char U+0110 (decimal 272)
   defining Unicode char U+0111 (decimal 273)
   defining Unicode char U+0118 (decimal 280)
   defining Unicode char U+0119 (decimal 281)
   defining Unicode char U+011A (decimal 282)
   defining Unicode char U+011B (decimal 283)
   defining Unicode char U+011E (decimal 286)
   defining Unicode char U+011F (decimal 287)
   defining Unicode char U+0130 (decimal 304)
   defining Unicode char U+0131 (decimal 305)
   defining Unicode char U+0132 (decimal 306)
   defining Unicode char U+0133 (decimal 307)
   defining Unicode char U+0139 (decimal 313)
   defining Unicode char U+013A (decimal 314)
   defining Unicode char U+013D (decimal 317)
   defining Unicode char U+013E (decimal 318)
   defining Unicode char U+0141 (decimal 321)
   defining Unicode char U+0142 (decimal 322)
   defining Unicode char U+0143 (decimal 323)
   defining Unicode char U+0144 (decimal 324)
   defining Unicode char U+0147 (decimal 327)
   defining Unicode char U+0148 (decimal 328)
   defining Unicode char U+014A (decimal 330)
   defining Unicode char U+014B (decimal 331)
   defining Unicode char U+0150 (decimal 336)
   defining Unicode char U+0151 (decimal 337)
   defining Unicode char U+0152 (decimal 338)
   defining Unicode char U+0153 (decimal 339)
   defining Unicode char U+0154 (decimal 340)
   defining Unicode char U+0155 (decimal 341)
   defining Unicode char U+0158 (decimal 344)
   defining Unicode char U+0159 (decimal 345)
   defining Unicode char U+015A (decimal 346)
   defining Unicode char U+015B (decimal 347)
   defining Unicode char U+015E (decimal 350)
   defining Unicode char U+015F (decimal 351)
   defining Unicode char U+0160 (decimal 352)
   defining Unicode char U+0161 (decimal 353)
   defining Unicode char U+0162 (decimal 354)
   defining Unicode char U+0163 (decimal 355)
   defining Unicode char U+0164 (decimal 356)
   defining Unicode char U+0165 (decimal 357)
   defining Unicode char U+016E (decimal 366)
   defining Unicode char U+016F (decimal 367)
   defining Unicode char U+0170 (decimal 368)
   defining Unicode char U+0171 (decimal 369)
   defining Unicode char U+0174 (decimal 372)
   defining Unicode char U+0175 (decimal 373)
   defining Unicode char U+0176 (decimal 374)
   defining Unicode char U+0177 (decimal 375)
   defining Unicode char U+0178 (decimal 376)
   defining Unicode char U+0179 (decimal 377)
   defining Unicode char U+017A (decimal 378)
   defining Unicode char U+017B (decimal 379)
   defining Unicode char U+017C (decimal 380)
   defining Unicode char U+017D (decimal 381)
   defining Unicode char U+017E (decimal 382)
   defining Unicode char U+0218 (decimal 536)
   defining Unicode char U+0219 (decimal 537)
   defining Unicode char U+021A (decimal 538)
   defining Unicode char U+021B (decimal 539)
   defining Unicode char U+200C (decimal 8204)
   defining Unicode char U+2013 (decimal 8211)
   defining Unicode char U+2014 (decimal 8212)
   defining Unicode char U+2018 (decimal 8216)
   defining Unicode char U+2019 (decimal 8217)
   defining Unicode char U+201A (decimal 8218)
   defining Unicode char U+201C (decimal 8220)
   defining Unicode char U+201D (decimal 8221)
   defining Unicode char U+201E (decimal 8222)
   defining Unicode char U+2030 (decimal 8240)
   defining Unicode char U+2031 (decimal 8241)
   defining Unicode char U+2039 (decimal 8249)
   defining Unicode char U+203A (decimal 8250)
   defining Unicode char U+2423 (decimal 9251)
)
Now handling font encoding OT1 ...
... processing UTF-8 mapping file for font encoding OT1

(/usr/local/texlive/2015/texmf-dist/tex/latex/base/ot1enc.dfu
File: ot1enc.dfu 2015/09/07 v1.1p UTF-8 support for inputenc
   defining Unicode char U+00A0 (decimal 160)
   defining Unicode char U+00A1 (decimal 161)
   defining Unicode char U+00A3 (decimal 163)
   defining Unicode char U+00AD (decimal 173)
   defining Unicode char U+00B8 (decimal 184)
   defining Unicode char U+00BF (decimal 191)
   defining Unicode char U+00C5 (decimal 197)
   defining Unicode char U+00C6 (decimal 198)
   defining Unicode char U+00D8 (decimal 216)
   defining Unicode char U+00DF (decimal 223)
   defining Unicode char U+00E6 (decimal 230)
   defining Unicode char U+00EC (decimal 236)
   defining Unicode char U+00ED (decimal 237)
   defining Unicode char U+00EE (decimal 238)
   defining Unicode char U+00EF (decimal 239)
   defining Unicode char U+00F8 (decimal 248)
   defining Unicode char U+0131 (decimal 305)
   defining Unicode char U+0141 (decimal 321)
   defining Unicode char U+0142 (decimal 322)
   defining Unicode char U+0152 (decimal 338)
   defining Unicode char U+0153 (decimal 339)
   defining Unicode char U+0174 (decimal 372)
   defining Unicode char U+0175 (decimal 373)
   defining Unicode char U+0176 (decimal 374)
   defining Unicode char U+0177 (decimal 375)
   defining Unicode char U+0218 (decimal 536)
   defining Unicode char U+0219 (decimal 537)
   defining Unicode char U+021A (decimal 538)
   defining Unicode char U+021B (decimal 539)
   defining Unicode char U+2013 (decimal 8211)
   defining Unicode char U+2014 (decimal 8212)
   defining Unicode char U+2018 (decimal 8216)
   defining Unicode char U+2019 (decimal 8217)
   defining Unicode char U+201C (decimal 8220)
   defining Unicode char U+201D (decimal 8221)
)
Now handling font encoding OMS ...
... processing UTF-8 mapping file for font encoding OMS

(/usr/local/texlive/2015/texmf-dist/tex/latex/base/omsenc.dfu
File: omsenc.dfu 2015/09/07 v1.1p UTF-8 support for inputenc
   defining Unicode char U+00A7 (decimal 167)
   defining Unicode char U+00B6 (decimal 182)
   defining Unicode char U+00B7 (decimal 183)
   defining Unicode char U+2020 (decimal 8224)
   defining Unicode char U+2021 (decimal 8225)
   defining Unicode char U+2022 (decimal 8226)
)
Now handling font encoding OMX ...
... no UTF-8 mapping file for font encoding OMX
Now handling font encoding U ...
... no UTF-8 mapping file for font encoding U
   defining Unicode char U+00A9 (decimal 169)
   defining Unicode char U+00AA (decimal 170)
   defining Unicode char U+00AE (decimal 174)
   defining Unicode char U+00BA (decimal 186)
   defining Unicode char U+02C6 (decimal 710)
   defining Unicode char U+02DC (decimal 732)
   defining Unicode char U+200C (decimal 8204)
   defining Unicode char U+2026 (decimal 8230)
   defining Unicode char U+2122 (decimal 8482)
   defining Unicode char U+2423 (decimal 9251)
))
   defining Unicode char U+00A0 (decimal 160)

(/usr/local/texlive/2015/texmf-dist/tex/latex/cmap/cmap.sty
Package: cmap 2008/03/06 v1.0h CMap support: searchable PDF
)
(/usr/local/texlive/2015/texmf-dist/tex/latex/base/fontenc.sty
Package: fontenc 2005/09/27 v1.99g Standard LaTeX package

(/usr/local/texlive/2015/texmf-dist/tex/latex/base/t1enc.def
File: t1enc.def 2005/09/27 v1.99g Standard LaTeX file
LaTeX Font Info:    Redeclaring font encoding T1 on input line 48.
)<<t1.cmap>>)
(/usr/local/texlive/2015/texmf-dist/tex/latex/amsmath/amsmath.sty
Package: amsmath 2013/01/14 v2.14 AMS math features
\@mathmargin=\skip43

For additional information on amsmath, use the `?' option.
(/usr/local/texlive/2015/texmf-dist/tex/latex/amsmath/amstext.sty
Package: amstext 2000/06/29 v2.01

(/usr/local/texlive/2015/texmf-dist/tex/latex/amsmath/amsgen.sty
File: amsgen.sty 1999/11/30 v2.0
\@emptytoks=\toks16
\ex@=\dimen103
))
(/usr/local/texlive/2015/texmf-dist/tex/latex/amsmath/amsbsy.sty
Package: amsbsy 1999/11/29 v1.2d
\pmbraise@=\dimen104
)
(/usr/local/texlive/2015/texmf-dist/tex/latex/amsmath/amsopn.sty
Package: amsopn 1999/12/14 v2.01 operator names
)
\inf@bad=\count88
LaTeX Info: Redefining \frac on input line 210.
\uproot@=\count89
\leftroot@=\count90
LaTeX Info: Redefining \overline on input line 306.
\classnum@=\count91
\DOTSCASE@=\count92
LaTeX Info: Redefining \ldots on input line 378.
LaTeX Info: Redefining \dots on input line 381.
LaTeX Info: Redefining \cdots on input line 466.
\Mathstrutbox@=\box26
\strutbox@=\box27
\big@size=\dimen105
LaTeX Font Info:    Redeclaring font encoding OML on input line 566.
LaTeX Font Info:    Redeclaring font encoding OMS on input line 567.
\macc@depth=\count93
\c@MaxMatrixCols=\count94
\dotsspace@=\muskip10
\c@parentequation=\count95
\dspbrk@lvl=\count96
\tag@help=\toks17
\row@=\count97
\column@=\count98
\maxfields@=\count99
\andhelp@=\toks18
\eqnshift@=\dimen106
\alignsep@=\dimen107
\tagshift@=\dimen108
\tagwidth@=\dimen109
\totwidth@=\dimen110
\lineht@=\dimen111
\@envbody=\toks19
\multlinegap=\skip44
\multlinetaggap=\skip45
\mathdisplay@stack=\toks20
LaTeX Info: Redefining \[ on input line 2665.
LaTeX Info: Redefining \] on input line 2666.
)
(/usr/local/texlive/2015/texmf-dist/tex/latex/amsfonts/amssymb.sty
Package: amssymb 2013/01/14 v3.01 AMS font symbols

(/usr/local/texlive/2015/texmf-dist/tex/latex/amsfonts/amsfonts.sty
Package: amsfonts 2013/01/14 v3.01 Basic AMSFonts support
\symAMSa=\mathgroup4
\symAMSb=\mathgroup5
LaTeX Font Info:    Overwriting math alphabet `\mathfrak' in version `bold'
(Font)                  U/euf/m/n --> U/euf/b/n on input line 106.
))
(/usr/local/texlive/2015/texmf-dist/tex/generic/babel/babel.sty
Package: babel 2015/08/03 3.9m The Babel package

(/usr/local/texlive/2015/texmf-dist/tex/generic/babel-french/frenchb.ldf
Language: frenchb 2015/10/04 v3.1i French support from the babel system

(/usr/local/texlive/2015/texmf-dist/tex/generic/babel/babel.def
File: babel.def 2015/08/03 3.9m Babel common definitions
\babel@savecnt=\count100
\U@D=\dimen112
)
\l@acadian = a dialect from \language\l@french 
\l@canadien = a dialect from \language\l@french 
\FBcolonskip=\skip46
\FBthinskip=\skip47
\FB@interchartokenstateORI=\count101
Package babel Info: Making : an active character on input line 356.
Package babel Info: Making ; an active character on input line 357.
Package babel Info: Making ! an active character on input line 358.
Package babel Info: Making ? an active character on input line 359.
\FBguillskip=\skip48
\FBguill@level=\count102
\FB@Mht=\dimen113
\std@mcc=\count103
\dec@mcc=\count104
\listindentFB=\skip49
\labelwidthFB=\skip50
\leftmarginFB=\skip51
\parindentFFN=\dimen114
))
(/usr/local/texlive/2015/texmf-dist/tex/latex/carlisle/scalefnt.sty)
(/usr/local/texlive/2015/texmf-dist/tex/latex/graphics/keyval.sty
Package: keyval 2014/10/28 v1.15 key=value parser (DPC)
\KV@toks@=\toks21
)
(/usr/local/texlive/2015/texmf-dist/tex/latex/psnfss/mathpazo.sty
Package: mathpazo 2005/04/12 PSNFSS-v9.2a Palatino w/ Pazo Math (D.Puga, WaS) 
\symupright=\mathgroup6
)
(./fncychap.sty
Package: fncychap 2007/07/30 v1.34 LaTeX package (Revised chapters)
\RW=\skip52
\mylen=\skip53
\myhi=\skip54
\px=\skip55
\py=\skip56
\pyy=\skip57
\pxx=\skip58
)
(/usr/local/texlive/2015/texmf-dist/tex/latex/tools/longtable.sty
Package: longtable 2014/10/28 v4.11 Multi-page Table package (DPC)
\LTleft=\skip59
\LTright=\skip60
\LTpre=\skip61
\LTpost=\skip62
\LTchunksize=\count105
\LTcapwidth=\dimen115
\LT@head=\box28
\LT@firsthead=\box29
\LT@foot=\box30
\LT@lastfoot=\box31
\LT@cols=\count106
\LT@rows=\count107
\c@LT@tables=\count108
\c@LT@chunks=\count109
\LT@p@ftn=\toks22
)
(./sphinx.sty
Package: sphinx 2010/01/15 LaTeX package (Sphinx markup)

(/usr/local/texlive/2015/texmf-dist/tex/latex/fancyhdr/fancyhdr.sty
\fancy@headwidth=\skip63
\f@ncyO@elh=\skip64
\f@ncyO@erh=\skip65
\f@ncyO@olh=\skip66
\f@ncyO@orh=\skip67
\f@ncyO@elf=\skip68
\f@ncyO@erf=\skip69
\f@ncyO@olf=\skip70
\f@ncyO@orf=\skip71
)
(/usr/local/texlive/2015/texmf-dist/tex/latex/base/textcomp.sty
Package: textcomp 2005/09/27 v1.99g Standard LaTeX package
Package textcomp Info: Sub-encoding information:
(textcomp)               5 = only ISO-Adobe without \textcurrency
(textcomp)               4 = 5 + \texteuro
(textcomp)               3 = 4 + \textohm
(textcomp)               2 = 3 + \textestimated + \textcurrency
(textcomp)               1 = TS1 - \textcircled - \t
(textcomp)               0 = TS1 (full)
(textcomp)             Font families with sub-encoding setting implement
(textcomp)             only a restricted character set as indicated.
(textcomp)             Family '?' is the default used for unknown fonts.
(textcomp)             See the documentation for details.
Package textcomp Info: Setting ? sub-encoding to TS1/1 on input line 79.

(/usr/local/texlive/2015/texmf-dist/tex/latex/base/ts1enc.def
File: ts1enc.def 2001/06/05 v3.0e (jk/car/fm) Standard LaTeX file
Now handling font encoding TS1 ...
... processing UTF-8 mapping file for font encoding TS1

(/usr/local/texlive/2015/texmf-dist/tex/latex/base/ts1enc.dfu
File: ts1enc.dfu 2015/09/07 v1.1p UTF-8 support for inputenc
   defining Unicode char U+00A2 (decimal 162)
   defining Unicode char U+00A3 (decimal 163)
   defining Unicode char U+00A4 (decimal 164)
   defining Unicode char U+00A5 (decimal 165)
   defining Unicode char U+00A6 (decimal 166)
   defining Unicode char U+00A7 (decimal 167)
   defining Unicode char U+00A8 (decimal 168)
   defining Unicode char U+00A9 (decimal 169)
   defining Unicode char U+00AA (decimal 170)
   defining Unicode char U+00AC (decimal 172)
   defining Unicode char U+00AE (decimal 174)
   defining Unicode char U+00AF (decimal 175)
   defining Unicode char U+00B0 (decimal 176)
   defining Unicode char U+00B1 (decimal 177)
   defining Unicode char U+00B2 (decimal 178)
   defining Unicode char U+00B3 (decimal 179)
   defining Unicode char U+00B4 (decimal 180)
   defining Unicode char U+00B5 (decimal 181)
   defining Unicode char U+00B6 (decimal 182)
   defining Unicode char U+00B7 (decimal 183)
   defining Unicode char U+00B9 (decimal 185)
   defining Unicode char U+00BA (decimal 186)
   defining Unicode char U+00BC (decimal 188)
   defining Unicode char U+00BD (decimal 189)
   defining Unicode char U+00BE (decimal 190)
   defining Unicode char U+00D7 (decimal 215)
   defining Unicode char U+00F7 (decimal 247)
   defining Unicode char U+0192 (decimal 402)
   defining Unicode char U+02C7 (decimal 711)
   defining Unicode char U+02D8 (decimal 728)
   defining Unicode char U+02DD (decimal 733)
   defining Unicode char U+0E3F (decimal 3647)
   defining Unicode char U+2016 (decimal 8214)
   defining Unicode char U+2020 (decimal 8224)
   defining Unicode char U+2021 (decimal 8225)
   defining Unicode char U+2022 (decimal 8226)
   defining Unicode char U+2030 (decimal 8240)
   defining Unicode char U+2031 (decimal 8241)
   defining Unicode char U+203B (decimal 8251)
   defining Unicode char U+203D (decimal 8253)
   defining Unicode char U+2044 (decimal 8260)
   defining Unicode char U+204E (decimal 8270)
   defining Unicode char U+2052 (decimal 8274)
   defining Unicode char U+20A1 (decimal 8353)
   defining Unicode char U+20A4 (decimal 8356)
   defining Unicode char U+20A6 (decimal 8358)
   defining Unicode char U+20A9 (decimal 8361)
   defining Unicode char U+20AB (decimal 8363)
   defining Unicode char U+20AC (decimal 8364)
   defining Unicode char U+20B1 (decimal 8369)
   defining Unicode char U+2103 (decimal 8451)
   defining Unicode char U+2116 (decimal 8470)
   defining Unicode char U+2117 (decimal 8471)
   defining Unicode char U+211E (decimal 8478)
   defining Unicode char U+2120 (decimal 8480)
   defining Unicode char U+2122 (decimal 8482)
   defining Unicode char U+2126 (decimal 8486)
   defining Unicode char U+2127 (decimal 8487)
   defining Unicode char U+212E (decimal 8494)
   defining Unicode char U+2190 (decimal 8592)
   defining Unicode char U+2191 (decimal 8593)
   defining Unicode char U+2192 (decimal 8594)
   defining Unicode char U+2193 (decimal 8595)
   defining Unicode char U+2329 (decimal 9001)
   defining Unicode char U+232A (decimal 9002)
   defining Unicode char U+2422 (decimal 9250)
   defining Unicode char U+25E6 (decimal 9702)
   defining Unicode char U+25EF (decimal 9711)
   defining Unicode char U+266A (decimal 9834)
))
LaTeX Info: Redefining \oldstylenums on input line 334.
Package textcomp Info: Setting cmr sub-encoding to TS1/0 on input line 349.
Package textcomp Info: Setting cmss sub-encoding to TS1/0 on input line 350.
Package textcomp Info: Setting cmtt sub-encoding to TS1/0 on input line 351.
Package textcomp Info: Setting cmvtt sub-encoding to TS1/0 on input line 352.
Package textcomp Info: Setting cmbr sub-encoding to TS1/0 on input line 353.
Package textcomp Info: Setting cmtl sub-encoding to TS1/0 on input line 354.
Package textcomp Info: Setting ccr sub-encoding to TS1/0 on input line 355.
Package textcomp Info: Setting ptm sub-encoding to TS1/4 on input line 356.
Package textcomp Info: Setting pcr sub-encoding to TS1/4 on input line 357.
Package textcomp Info: Setting phv sub-encoding to TS1/4 on input line 358.
Package textcomp Info: Setting ppl sub-encoding to TS1/3 on input line 359.
Package textcomp Info: Setting pag sub-encoding to TS1/4 on input line 360.
Package textcomp Info: Setting pbk sub-encoding to TS1/4 on input line 361.
Package textcomp Info: Setting pnc sub-encoding to TS1/4 on input line 362.
Package textcomp Info: Setting pzc sub-encoding to TS1/4 on input line 363.
Package textcomp Info: Setting bch sub-encoding to TS1/4 on input line 364.
Package textcomp Info: Setting put sub-encoding to TS1/5 on input line 365.
Package textcomp Info: Setting uag sub-encoding to TS1/5 on input line 366.
Package textcomp Info: Setting ugq sub-encoding to TS1/5 on input line 367.
Package textcomp Info: Setting ul8 sub-encoding to TS1/4 on input line 368.
Package textcomp Info: Setting ul9 sub-encoding to TS1/4 on input line 369.
Package textcomp Info: Setting augie sub-encoding to TS1/5 on input line 370.
Package textcomp Info: Setting dayrom sub-encoding to TS1/3 on input line 371.
Package textcomp Info: Setting dayroms sub-encoding to TS1/3 on input line 372.

Package textcomp Info: Setting pxr sub-encoding to TS1/0 on input line 373.
Package textcomp Info: Setting pxss sub-encoding to TS1/0 on input line 374.
Package textcomp Info: Setting pxtt sub-encoding to TS1/0 on input line 375.
Package textcomp Info: Setting txr sub-encoding to TS1/0 on input line 376.
Package textcomp Info: Setting txss sub-encoding to TS1/0 on input line 377.
Package textcomp Info: Setting txtt sub-encoding to TS1/0 on input line 378.
Package textcomp Info: Setting lmr sub-encoding to TS1/0 on input line 379.
Package textcomp Info: Setting lmdh sub-encoding to TS1/0 on input line 380.
Package textcomp Info: Setting lmss sub-encoding to TS1/0 on input line 381.
Package textcomp Info: Setting lmssq sub-encoding to TS1/0 on input line 382.
Package textcomp Info: Setting lmvtt sub-encoding to TS1/0 on input line 383.
Package textcomp Info: Setting lmtt sub-encoding to TS1/0 on input line 384.
Package textcomp Info: Setting qhv sub-encoding to TS1/0 on input line 385.
Package textcomp Info: Setting qag sub-encoding to TS1/0 on input line 386.
Package textcomp Info: Setting qbk sub-encoding to TS1/0 on input line 387.
Package textcomp Info: Setting qcr sub-encoding to TS1/0 on input line 388.
Package textcomp Info: Setting qcs sub-encoding to TS1/0 on input line 389.
Package textcomp Info: Setting qpl sub-encoding to TS1/0 on input line 390.
Package textcomp Info: Setting qtm sub-encoding to TS1/0 on input line 391.
Package textcomp Info: Setting qzc sub-encoding to TS1/0 on input line 392.
Package textcomp Info: Setting qhvc sub-encoding to TS1/0 on input line 393.
Package textcomp Info: Setting futs sub-encoding to TS1/4 on input line 394.
Package textcomp Info: Setting futx sub-encoding to TS1/4 on input line 395.
Package textcomp Info: Setting futj sub-encoding to TS1/4 on input line 396.
Package textcomp Info: Setting hlh sub-encoding to TS1/3 on input line 397.
Package textcomp Info: Setting hls sub-encoding to TS1/3 on input line 398.
Package textcomp Info: Setting hlst sub-encoding to TS1/3 on input line 399.
Package textcomp Info: Setting hlct sub-encoding to TS1/5 on input line 400.
Package textcomp Info: Setting hlx sub-encoding to TS1/5 on input line 401.
Package textcomp Info: Setting hlce sub-encoding to TS1/5 on input line 402.
Package textcomp Info: Setting hlcn sub-encoding to TS1/5 on input line 403.
Package textcomp Info: Setting hlcw sub-encoding to TS1/5 on input line 404.
Package textcomp Info: Setting hlcf sub-encoding to TS1/5 on input line 405.
Package textcomp Info: Setting pplx sub-encoding to TS1/3 on input line 406.
Package textcomp Info: Setting pplj sub-encoding to TS1/3 on input line 407.
Package textcomp Info: Setting ptmx sub-encoding to TS1/4 on input line 408.
Package textcomp Info: Setting ptmj sub-encoding to TS1/4 on input line 409.
)
(/usr/local/texlive/2015/texmf-dist/tex/latex/fancybox/fancybox.sty
Package: fancybox 2010/05/15 1.4

Style option: `fancybox' v1.4 <2010/05/15> (tvz)
\@fancybox=\box32
\shadowsize=\dimen116
\@Sbox=\box33
\do@VerbBox=\toks23
\the@fancyput=\toks24
\this@fancyput=\toks25
\EndVerbatimTokens=\toks26
\Verbatim@Outfile=\write3
\Verbatim@Infile=\read1
) (/usr/local/texlive/2015/texmf-dist/tex/latex/titlesec/titlesec.sty
Package: titlesec 2011/12/15 v2.10.0 Sectioning titles
\ttl@box=\box34
\beforetitleunit=\skip72
\aftertitleunit=\skip73
\ttl@plus=\dimen117
\ttl@minus=\dimen118
\ttl@toksa=\toks27
\titlewidth=\dimen119
\titlewidthlast=\dimen120
\titlewidthfirst=\dimen121
)
(./tabulary.sty
Package: tabulary 2008/12/01 v0.9 tabulary package (DPC)
 (/usr/local/texlive/2015/texmf-dist/tex/latex/tools/array.sty
Package: array 2014/10/28 v2.4c Tabular extension package (FMi)
\col@sep=\dimen122
\extrarowheight=\dimen123
\NC@list=\toks28
\extratabsurround=\skip74
\backup@length=\skip75
)
\TY@count=\count110
\TY@linewidth=\dimen124
\tymin=\dimen125
\tymax=\dimen126
\TY@tablewidth=\dimen127
) (/usr/local/texlive/2015/texmf-dist/tex/latex/base/makeidx.sty
Package: makeidx 2014/09/29 v1.0m Standard LaTeX package
)
(/usr/local/texlive/2015/texmf-dist/tex/latex/framed/framed.sty
Package: framed 2011/10/22 v 0.96: framed or shaded text with page breaks
\OuterFrameSep=\skip76
\fb@frw=\dimen128
\fb@frh=\dimen129
\FrameRule=\dimen130
\FrameSep=\dimen131
)
(/usr/local/texlive/2015/texmf-dist/tex/latex/base/ifthen.sty
Package: ifthen 2014/09/29 v1.1c Standard LaTeX ifthen package (DPC)
)
(/usr/local/texlive/2015/texmf-dist/tex/latex/xcolor/xcolor.sty
Package: xcolor 2007/01/21 v2.11 LaTeX color extensions (UK)

(/usr/local/texlive/2015/texmf-dist/tex/latex/latexconfig/color.cfg
File: color.cfg 2007/01/18 v1.5 color configuration of teTeX/TeXLive
)
Package xcolor Info: Driver file: pdftex.def on input line 225.

(/usr/local/texlive/2015/texmf-dist/tex/latex/pdftex-def/pdftex.def
File: pdftex.def 2011/05/27 v0.06d Graphics/color for pdfTeX

(/usr/local/texlive/2015/texmf-dist/tex/generic/oberdiek/infwarerr.sty
Package: infwarerr 2010/04/08 v1.3 Providing info/warning/error messages (HO)
)
(/usr/local/texlive/2015/texmf-dist/tex/generic/oberdiek/ltxcmds.sty
Package: ltxcmds 2011/11/09 v1.22 LaTeX kernel commands for general use (HO)
)
\Gread@gobject=\count111
)
Package xcolor Info: Model `cmy' substituted by `cmy0' on input line 1337.
Package xcolor Info: Model `hsb' substituted by `rgb' on input line 1341.
Package xcolor Info: Model `RGB' extended on input line 1353.
Package xcolor Info: Model `HTML' substituted by `rgb' on input line 1355.
Package xcolor Info: Model `Hsb' substituted by `hsb' on input line 1356.
Package xcolor Info: Model `tHsb' substituted by `hsb' on input line 1357.
Package xcolor Info: Model `HSB' substituted by `hsb' on input line 1358.
Package xcolor Info: Model `Gray' substituted by `gray' on input line 1359.
Package xcolor Info: Model `wave' substituted by `hsb' on input line 1360.
)
(/usr/local/texlive/2015/texmf-dist/tex/latex/fancyvrb/fancyvrb.sty
Package: fancyvrb 2008/02/07

Style option: `fancyvrb' v2.7a, with DG/SPQR fixes, and firstline=lastline fix 
<2008/02/07> (tvz)
\FV@CodeLineNo=\count112
\FV@InFile=\read2
\FV@TabBox=\box35
\c@FancyVerbLine=\count113
\FV@StepNumber=\count114
\FV@OutFile=\write4
)
(/usr/local/texlive/2015/texmf-dist/tex/latex/threeparttable/threeparttable.sty
Package: threeparttable 2003/06/13  v 3.0
\@tempboxb=\box36
) (/usr/local/texlive/2015/texmf-dist/tex/latex/mdwtools/footnote.sty
Package: footnote 1997/01/28 1.13 Save footnotes around boxes
\fn@notes=\box37
\fn@width=\dimen132
)
(/usr/local/texlive/2015/texmf-dist/tex/latex/wrapfig/wrapfig.sty
\wrapoverhang=\dimen133
\WF@size=\dimen134
\c@WF@wrappedlines=\count115
\WF@box=\box38
\WF@everypar=\toks29
Package: wrapfig 2003/01/31  v 3.6
)
(/usr/local/texlive/2015/texmf-dist/tex/latex/parskip/parskip.sty
Package: parskip 2001/04/09 non-zero parskip adjustments
)
(/usr/local/texlive/2015/texmf-dist/tex/latex/base/alltt.sty
Package: alltt 1997/06/16 v2.0g defines alltt environment
)
(/usr/local/texlive/2015/texmf-dist/tex/latex/upquote/upquote.sty
Package: upquote 2012/04/19 v1.3 upright-quote and grave-accent glyphs in verba
tim
)
(/usr/local/texlive/2015/texmf-dist/tex/latex/float/float.sty
Package: float 2001/11/08 v1.3d Float enhancements (AL)
\c@float@type=\count116
\float@exts=\toks30
\float@box=\box39
\@float@everytoks=\toks31
\@floatcapt=\box40
)
(/usr/local/texlive/2015/texmf-dist/tex/latex/graphics/graphicx.sty
Package: graphicx 2014/10/28 v1.0g Enhanced LaTeX Graphics (DPC,SPQR)

(/usr/local/texlive/2015/texmf-dist/tex/latex/graphics/graphics.sty
Package: graphics 2014/10/28 v1.0p Standard LaTeX Graphics (DPC,SPQR)

(/usr/local/texlive/2015/texmf-dist/tex/latex/graphics/trig.sty
Package: trig 1999/03/16 v1.09 sin cos tan (DPC)
)
(/usr/local/texlive/2015/texmf-dist/tex/latex/latexconfig/graphics.cfg
File: graphics.cfg 2010/04/23 v1.9 graphics configuration of TeX Live
)
Package graphics Info: Driver file: pdftex.def on input line 94.
)
\Gin@req@height=\dimen135
\Gin@req@width=\dimen136
)
(/usr/local/texlive/2015/texmf-dist/tex/generic/pdftex/pdfcolor.tex)
\sphinxcontinuationbox=\box41
\sphinxvisiblespacebox=\box42
\sphinxshadowsep=\skip77
\sphinxshadowsize=\skip78
\sphinxshadowrule=\skip79
\py@argswidth=\skip80
\lineblockindentation=\skip81
\spx@image@box=\box43

(/usr/local/texlive/2015/texmf-dist/tex/latex/hyperref/hyperref.sty
Package: hyperref 2012/11/06 v6.83m Hypertext links for LaTeX

(/usr/local/texlive/2015/texmf-dist/tex/generic/oberdiek/hobsub-hyperref.sty
Package: hobsub-hyperref 2012/05/28 v1.13 Bundle oberdiek, subset hyperref (HO)


(/usr/local/texlive/2015/texmf-dist/tex/generic/oberdiek/hobsub-generic.sty
Package: hobsub-generic 2012/05/28 v1.13 Bundle oberdiek, subset generic (HO)
Package: hobsub 2012/05/28 v1.13 Construct package bundles (HO)
Package hobsub Info: Skipping package `infwarerr' (already loaded).
Package hobsub Info: Skipping package `ltxcmds' (already loaded).
Package: ifluatex 2010/03/01 v1.3 Provides the ifluatex switch (HO)
Package ifluatex Info: LuaTeX not detected.
Package: ifvtex 2010/03/01 v1.5 Detect VTeX and its facilities (HO)
Package ifvtex Info: VTeX not detected.
Package: intcalc 2007/09/27 v1.1 Expandable calculations with integers (HO)
Package: ifpdf 2011/01/30 v2.3 Provides the ifpdf switch (HO)
Package ifpdf Info: pdfTeX in PDF mode is detected.
Package: etexcmds 2011/02/16 v1.5 Avoid name clashes with e-TeX commands (HO)
Package etexcmds Info: Could not find \expanded.
(etexcmds)             That can mean that you are not using pdfTeX 1.50 or
(etexcmds)             that some package has redefined \expanded.
(etexcmds)             In the latter case, load this package earlier.
Package: kvsetkeys 2012/04/25 v1.16 Key value parser (HO)
Package: kvdefinekeys 2011/04/07 v1.3 Define keys (HO)
Package: pdftexcmds 2011/11/29 v0.20 Utility functions of pdfTeX for LuaTeX (HO
)
Package pdftexcmds Info: LuaTeX not detected.
Package pdftexcmds Info: \pdf@primitive is available.
Package pdftexcmds Info: \pdf@ifprimitive is available.
Package pdftexcmds Info: \pdfdraftmode found.
Package: pdfescape 2011/11/25 v1.13 Implements pdfTeX's escape features (HO)
Package: bigintcalc 2012/04/08 v1.3 Expandable calculations on big integers (HO
)
Package: bitset 2011/01/30 v1.1 Handle bit-vector datatype (HO)
Package: uniquecounter 2011/01/30 v1.2 Provide unlimited unique counter (HO)
)
Package hobsub Info: Skipping package `hobsub' (already loaded).
Package: letltxmacro 2010/09/02 v1.4 Let assignment for LaTeX macros (HO)
Package: hopatch 2012/05/28 v1.2 Wrapper for package hooks (HO)
Package: xcolor-patch 2011/01/30 xcolor patch
Package: atveryend 2011/06/30 v1.8 Hooks at the very end of document (HO)
Package atveryend Info: \enddocument detected (standard20110627).
Package: atbegshi 2011/10/05 v1.16 At begin shipout hook (HO)
Package: refcount 2011/10/16 v3.4 Data extraction from label references (HO)
Package: hycolor 2011/01/30 v1.7 Color options for hyperref/bookmark (HO)
)
(/usr/local/texlive/2015/texmf-dist/tex/generic/ifxetex/ifxetex.sty
Package: ifxetex 2010/09/12 v0.6 Provides ifxetex conditional
)
(/usr/local/texlive/2015/texmf-dist/tex/latex/oberdiek/auxhook.sty
Package: auxhook 2011/03/04 v1.3 Hooks for auxiliary files (HO)
)
(/usr/local/texlive/2015/texmf-dist/tex/latex/oberdiek/kvoptions.sty
Package: kvoptions 2011/06/30 v3.11 Key value format for package options (HO)
)
\@linkdim=\dimen137
\Hy@linkcounter=\count117
\Hy@pagecounter=\count118

(/usr/local/texlive/2015/texmf-dist/tex/latex/hyperref/pd1enc.def
File: pd1enc.def 2012/11/06 v6.83m Hyperref: PDFDocEncoding definition (HO)
Now handling font encoding PD1 ...
... no UTF-8 mapping file for font encoding PD1
)
\Hy@SavedSpaceFactor=\count119

(/usr/local/texlive/2015/texmf-dist/tex/latex/latexconfig/hyperref.cfg
File: hyperref.cfg 2002/06/06 v1.2 hyperref configuration of TeXLive
)
Package hyperref Info: Option `unicode' set `true' on input line 4319.

(/usr/local/texlive/2015/texmf-dist/tex/latex/hyperref/puenc.def
File: puenc.def 2012/11/06 v6.83m Hyperref: PDF Unicode definition (HO)
Now handling font encoding PU ...
... no UTF-8 mapping file for font encoding PU
)
Package hyperref Info: Option `colorlinks' set `true' on input line 4319.
Package hyperref Info: Option `breaklinks' set `true' on input line 4319.
Package hyperref Info: Hyper figures OFF on input line 4443.
Package hyperref Info: Link nesting OFF on input line 4448.
Package hyperref Info: Hyper index ON on input line 4451.
Package hyperref Info: Plain pages OFF on input line 4458.
Package hyperref Info: Backreferencing OFF on input line 4463.
Package hyperref Info: Implicit mode ON; LaTeX internals redefined.
Package hyperref Info: Bookmarks ON on input line 4688.
\c@Hy@tempcnt=\count120

(/usr/local/texlive/2015/texmf-dist/tex/latex/url/url.sty
\Urlmuskip=\muskip11
Package: url 2013/09/16  ver 3.4  Verb mode for urls, etc.
)
LaTeX Info: Redefining \url on input line 5041.
\XeTeXLinkMargin=\dimen138
\Fld@menulength=\count121
\Field@Width=\dimen139
\Fld@charsize=\dimen140
Package hyperref Info: Hyper figures OFF on input line 6295.
Package hyperref Info: Link nesting OFF on input line 6300.
Package hyperref Info: Hyper index ON on input line 6303.
Package hyperref Info: backreferencing OFF on input line 6310.
Package hyperref Info: Link coloring ON on input line 6313.
Package hyperref Info: Link coloring with OCG OFF on input line 6320.
Package hyperref Info: PDF/A mode OFF on input line 6325.
LaTeX Info: Redefining \ref on input line 6365.
LaTeX Info: Redefining \pageref on input line 6369.
\Hy@abspage=\count122
\c@Item=\count123
\c@Hfootnote=\count124
)

Package hyperref Message: Driver (autodetected): hpdftex.

(/usr/local/texlive/2015/texmf-dist/tex/latex/hyperref/hpdftex.def
File: hpdftex.def 2012/11/06 v6.83m Hyperref driver for pdfTeX
\Fld@listcount=\count125
\c@bookmark@seq@number=\count126

(/usr/local/texlive/2015/texmf-dist/tex/latex/oberdiek/rerunfilecheck.sty
Package: rerunfilecheck 2011/04/15 v1.7 Rerun checks for auxiliary files (HO)
Package uniquecounter Info: New unique counter `rerunfilecheck' on input line 2
82.
)
\Hy@SectionHShift=\skip82
)
(/usr/local/texlive/2015/texmf-dist/tex/latex/oberdiek/hypcap.sty
Package: hypcap 2011/02/16 v1.11 Adjusting the anchors of captions (HO)
)
\DUlineblockindent=\skip83

(./newfloat.sty
Package: newfloat 2015/09/17 v1.1-109 Defining new floating environments (AR)
)
Package newfloat Info: New float `literal-block' with options `' on input line 
874.
\c@literal-block=\count127
Package newfloat Info: float type `literal-block'=4 on input line 874.

(/usr/local/texlive/2015/texmf-dist/tex/latex/capt-of/capt-of.sty
Package: capt-of 2009/12/29 v0.2 standard captions outside of floats
)
(./needspace.sty
Package: needspace 2010/09/12 v1.3d reserve vertical space
)
** (sphinx) defining (legacy) text style macros without \sphinx prefix
** if clashes with packages, set latex_keep_old_macro_names=False in conf.py
) (/usr/local/texlive/2015/texmf-dist/tex/latex/multirow/multirow.sty
\bigstrutjot=\dimen141
)
(/usr/local/texlive/2015/texmf-dist/tex/latex/eqparbox/eqparbox.sty
Package: eqparbox 2013/03/15 v4.0 Create equal-widthed boxes
\eqp@tempdima=\skip84
\eqp@tempdimb=\skip85
\eqp@tabular@box=\box44
\eqp@list@box=\box45
\eqp@list@indent=\skip86

(/usr/local/texlive/2015/texmf-dist/tex/latex/environ/environ.sty
Package: environ 2014/05/04 v0.3 A new way to define environments

(/usr/local/texlive/2015/texmf-dist/tex/latex/trimspaces/trimspaces.sty
Package: trimspaces 2009/09/17 v1.1 Trim spaces around a token list
)))
(./flaskstyle.sty
(/usr/local/texlive/2015/texmf-dist/tex/latex/inconsolata/inconsolata.sty
Package: inconsolata 2014/06/22 v1.05

`inconsolata-zi4' v1.05, 2014/06/22 Text macros for Inconsolata (msharpe)
\zifour@ocount=\count128
))
\@indexfile=\write5
\openout5 = `canopee-docs.idx'.


Writing index file canopee-docs.idx
(./canopee-docs.aux

LaTeX Warning: Label `acad/config_acad:config-acad' multiply defined.


LaTeX Warning: Label `psd/prepa-image_su+psd:prepa-image-su-psd' multiply defin
ed.


LaTeX Warning: Label `ftpwebmail/glossaire_ftpwebmail:glossaire-ftpwebmail' mul
tiply defined.


LaTeX Warning: Label `burotic/glossaire_burotic:glossaire-burotic' multiply def
ined.

)
\openout1 = `canopee-docs.aux'.

LaTeX Font Info:    Checking defaults for OML/cmm/m/it on input line 140.
LaTeX Font Info:    ... okay on input line 140.
LaTeX Font Info:    Checking defaults for T1/cmr/m/n on input line 140.
LaTeX Font Info:    ... okay on input line 140.
LaTeX Font Info:    Checking defaults for OT1/cmr/m/n on input line 140.
LaTeX Font Info:    ... okay on input line 140.
LaTeX Font Info:    Checking defaults for OMS/cmsy/m/n on input line 140.
LaTeX Font Info:    ... okay on input line 140.
LaTeX Font Info:    Checking defaults for OMX/cmex/m/n on input line 140.
LaTeX Font Info:    ... okay on input line 140.
LaTeX Font Info:    Checking defaults for U/cmr/m/n on input line 140.
LaTeX Font Info:    ... okay on input line 140.
LaTeX Font Info:    Checking defaults for TS1/cmr/m/n on input line 140.
LaTeX Font Info:    Try loading font information for TS1+cmr on input line 140.

 (/usr/local/texlive/2015/texmf-dist/tex/latex/base/ts1cmr.fd
File: ts1cmr.fd 2014/09/29 v2.5h Standard LaTeX font definitions
)
LaTeX Font Info:    ... okay on input line 140.
LaTeX Font Info:    Checking defaults for PD1/pdf/m/n on input line 140.
LaTeX Font Info:    ... okay on input line 140.
LaTeX Font Info:    Checking defaults for PU/pdf/m/n on input line 140.
LaTeX Font Info:    ... okay on input line 140.
LaTeX Font Info:    Try loading font information for T1+ppl on input line 140.

(/usr/local/texlive/2015/texmf-dist/tex/latex/psnfss/t1ppl.fd
File: t1ppl.fd 2001/06/04 font definitions for T1/ppl.
)
LaTeX Info: Redefining \degres on input line 140.
LaTeX Info: Redefining \dots on input line 140.
LaTeX Info: Redefining \up on input line 140.

(/usr/local/texlive/2015/texmf-dist/tex/context/base/supp-pdf.mkii
[Loading MPS to PDF converter (version 2006.09.02).]
\scratchcounter=\count129
\scratchdimen=\dimen142
\scratchbox=\box46
\nofMPsegments=\count130
\nofMParguments=\count131
\everyMPshowfont=\toks32
\MPscratchCnt=\count132
\MPscratchDim=\dimen143
\MPnumerator=\count133
\makeMPintoPDFobject=\count134
\everyMPtoPDFconversion=\toks33
) (/usr/local/texlive/2015/texmf-dist/tex/latex/oberdiek/epstopdf-base.sty
Package: epstopdf-base 2010/02/09 v2.5 Base part for package epstopdf

(/usr/local/texlive/2015/texmf-dist/tex/latex/oberdiek/grfext.sty
Package: grfext 2010/08/19 v1.1 Manage graphics extensions (HO)
)
Package grfext Info: Graphics extension search list:
(grfext)             [.png,.pdf,.jpg,.mps,.jpeg,.jbig2,.jb2,.PNG,.PDF,.JPG,.JPE
G,.JBIG2,.JB2,.eps]
(grfext)             \AppendGraphicsExtensions on input line 452.

(/usr/local/texlive/2015/texmf-dist/tex/latex/latexconfig/epstopdf-sys.cfg
File: epstopdf-sys.cfg 2010/07/13 v1.3 Configuration of (r)epstopdf for TeX Liv
e
))
\AtBeginShipoutBox=\box47
Package hyperref Info: Link coloring ON on input line 140.

(/usr/local/texlive/2015/texmf-dist/tex/latex/hyperref/nameref.sty
Package: nameref 2012/10/27 v2.43 Cross-referencing by name of section

(/usr/local/texlive/2015/texmf-dist/tex/generic/oberdiek/gettitlestring.sty
Package: gettitlestring 2010/12/03 v1.4 Cleanup title references (HO)
)
\c@section@level=\count135
)
LaTeX Info: Redefining \ref on input line 140.
LaTeX Info: Redefining \pageref on input line 140.
LaTeX Info: Redefining \nameref on input line 140.

(./canopee-docs.out) (./canopee-docs.out)
\@outlinefile=\write6
\openout6 = `canopee-docs.out'.


<logo.pdf, id=145, 233.4614pt x 53.1119pt>
File: logo.pdf Graphic file (type pdf)
 <use logo.pdf>
Package pdftex.def Info: logo.pdf used on input line 142.
(pdftex.def)             Requested size: 233.4608pt x 53.11174pt.
 [1

{/usr/local/texlive/2015/texmf-var/fonts/map/pdftex/updmap/pdftex.map} <./logo.
pdf>] [2

]
(./canopee-docs.toc
LaTeX Font Info:    Font shape `T1/ppl/bx/n' in size <12> not available
(Font)              Font shape `T1/ppl/b/n' tried instead on input line 2.
LaTeX Font Info:    Try loading font information for OT1+ppl on input line 4.

(/usr/local/texlive/2015/texmf-dist/tex/latex/psnfss/ot1ppl.fd
File: ot1ppl.fd 2001/06/04 font definitions for OT1/ppl.
)<<ot1.cmap>>
LaTeX Font Info:    Try loading font information for OML+zplm on input line 4.

(/usr/local/texlive/2015/texmf-dist/tex/latex/psnfss/omlzplm.fd
File: omlzplm.fd 2002/09/08 Fontinst v1.914 font definitions for OML/zplm.
)<<oml.cmap>>
LaTeX Font Info:    Try loading font information for OMS+zplm on input line 4.

(/usr/local/texlive/2015/texmf-dist/tex/latex/psnfss/omszplm.fd
File: omszplm.fd 2002/09/08 Fontinst v1.914 font definitions for OMS/zplm.
)<<oms.cmap>>
LaTeX Font Info:    Try loading font information for OMX+zplm on input line 4.

(/usr/local/texlive/2015/texmf-dist/tex/latex/psnfss/omxzplm.fd
File: omxzplm.fd 2002/09/08 Fontinst v1.914 font definitions for OMX/zplm.
)<<omx.cmap>>
LaTeX Font Info:    Font shape `U/msa/m/n' will be
(Font)              scaled to size 12.50409pt on input line 4.
LaTeX Font Info:    Font shape `U/msa/m/n' will be
(Font)              scaled to size 9.37807pt on input line 4.
LaTeX Font Info:    Font shape `U/msa/m/n' will be
(Font)              scaled to size 7.29405pt on input line 4.
LaTeX Font Info:    Font shape `U/msb/m/n' will be
(Font)              scaled to size 12.50409pt on input line 4.
LaTeX Font Info:    Font shape `U/msb/m/n' will be
(Font)              scaled to size 9.37807pt on input line 4.
LaTeX Font Info:    Font shape `U/msb/m/n' will be
(Font)              scaled to size 7.29405pt on input line 4.
LaTeX Font Info:    Try loading font information for OT1+zplm on input line 4.

(/usr/local/texlive/2015/texmf-dist/tex/latex/psnfss/ot1zplm.fd
File: ot1zplm.fd 2002/09/08 Fontinst v1.914 font definitions for OT1/zplm.
) [1


])
\tf@toc=\write7
\openout7 = `canopee-docs.toc'.

 [2]
LaTeX Font Info:    Try loading font information for T1+zi4 on input line 1.

(/usr/local/texlive/2015/texmf-dist/tex/latex/inconsolata/t1zi4.fd
File: t1zi4.fd 2014/06/22 T1/zi4 (Inconsolata)
)
Overfull \hbox (2.55711pt too wide) in paragraph at lines 153--183
[] 
 []

LaTeX Font Info:    Font shape `T1/ppl/bx/it' in size <12> not available
(Font)              Font shape `T1/ppl/b/it' tried instead on input line 187.

Package Fancyhdr Warning: \headheight is too small (12.0pt): 
 Make it at least 14.49998pt.
 We now make it that large for the rest of the document.
 This may cause the page layout to be inconsistent, however.

[1

] [2

]
Chapitre 1.
LaTeX Font Info:    Font shape `T1/ppl/bx/n' in size <17.28> not available
(Font)              Font shape `T1/ppl/b/n' tried instead on input line 202.
[3] [4

]
Chapitre 2.
[5] [6] <su_001.png, id=271, 1068.24094pt x 462.22687pt>
File: su_001.png Graphic file (type png)
 <use su_001.png>
Package pdftex.def Info: su_001.png used on input line 323.
(pdftex.def)             Requested size: 1068.23833pt x 462.22574pt.
File: su_001.png Graphic file (type png)

<use su_001.png>
Package pdftex.def Info: su_001.png used on input line 323.
(pdftex.def)             Requested size: 452.96788pt x 195.99596pt.
 <su_002.png, id=272, 299.61937pt x 269.50688pt>
File: su_002.png Graphic file (type png)

<use su_002.png>
Package pdftex.def Info: su_002.png used on input line 331.
(pdftex.def)             Requested size: 299.61864pt x 269.50621pt.
 <su_003.png, id=273, 562.35094pt x 446.41782pt>
File: su_003.png Graphic file (type png)

<use su_003.png>
Package pdftex.def Info: su_003.png used on input line 339.
(pdftex.def)             Requested size: 562.34956pt x 446.41672pt.
File: su_003.png Graphic file (type png)
 <use su_003.png>
Package pdftex.def Info: su_003.png used on input line 339.
(pdftex.def)             Requested size: 452.96788pt x 359.58698pt.

<su_004.png, id=274, 344.03531pt x 140.77594pt>
File: su_004.png Graphic file (type png)
 <use su_004.png>
Package pdftex.def Info: su_004.png used on input line 355.
(pdftex.def)             Requested size: 344.03447pt x 140.77557pt.
 [7] [8 <./su_001.png> <./su_002.png>] [9 <./su_003.png> <./su_004.png>]
Underfull \hbox (badness 10000) in paragraph at lines 390--392
[]\T1/ppl/m/n/12 Vidéo :
 []


Underfull \hbox (badness 10000) in paragraph at lines 403--405
[]
 []


Overfull \hbox (49.26897pt too wide) in paragraph at lines 406--408
[]
 []

[10] [11] [12]
Overfull \hbox (8.51958pt too wide) in paragraph at lines 604--606
[]
 []

[13]
Underfull \hbox (badness 10000) in paragraph at lines 616--618
[]
 []


Overfull \hbox (30.31229pt too wide) in paragraph at lines 649--651
[]
 []

[14]
Overfull \hbox (83.08243pt too wide) in paragraph at lines 720--720
[]
 []


Underfull \hbox (badness 10000) in paragraph at lines 720--720

 []

[15] <import_ssq_outil-instantane_01.png, id=360, 584.1825pt x 86.57344pt>
File: import_ssq_outil-instantane_01.png Graphic file (type png)

<use import_ssq_outil-instantane_01.png>
Package pdftex.def Info: import_ssq_outil-instantane_01.png used on input line 
762.
(pdftex.def)             Requested size: 584.18106pt x 86.57321pt.
File: import_ssq_outil-instantane_01.png Graphic file (type png)

<use import_ssq_outil-instantane_01.png>
Package pdftex.def Info: import_ssq_outil-instantane_01.png used on input line 
762.
(pdftex.def)             Requested size: 452.96788pt x 67.13069pt.

Underfull \hbox (badness 10000) in paragraph at lines 760--763
[]\T1/ppl/m/n/12 Sélectionnez la zone à cap-tu-rer avec cet ou-til : [][]
 []

<import_ssq_outil-instantane_02.png, id=361, 554.82281pt x 732.48656pt>
File: import_ssq_outil-instantane_02.png Graphic file (type png)

<use import_ssq_outil-instantane_02.png>
Package pdftex.def Info: import_ssq_outil-instantane_02.png used on input line 
764.
(pdftex.def)             Requested size: 554.82146pt x 732.48476pt.
File: import_ssq_outil-instantane_02.png Graphic file (type png)

<use import_ssq_outil-instantane_02.png>
Package pdftex.def Info: import_ssq_outil-instantane_02.png used on input line 
764.
(pdftex.def)             Requested size: 452.96788pt x 598.0163pt.
 [16 <./import_ssq_outil-instantane_01.png>] <import_ssq_outil-paint_03.png, id
=368, 429.10312pt x 252.945pt>
File: import_ssq_outil-paint_03.png Graphic file (type png)

<use import_ssq_outil-paint_03.png>
Package pdftex.def Info: import_ssq_outil-paint_03.png used on input line 768.
(pdftex.def)             Requested size: 429.10207pt x 252.94438pt.

Underfull \hbox (badness 10000) in paragraph at lines 766--769
[]\T1/ppl/m/n/12 Ouverture d'un pe-tit lo-gi-ciel bien pra-tique \T1/ppl/m/it/1
2 PAINT \T1/ppl/m/n/12 : [][]
 []

[17 <./import_ssq_outil-instantane_02.png>]
<import_ssq_outil-paint_04.png, id=374, 347.79938pt x 294.34969pt>
File: import_ssq_outil-paint_04.png Graphic file (type png)

<use import_ssq_outil-paint_04.png>
Package pdftex.def Info: import_ssq_outil-paint_04.png used on input line 772.
(pdftex.def)             Requested size: 347.79852pt x 294.34895pt.

<import_ssq_outil-paint_05.png, id=375, 721.19438pt x 576.65437pt>
File: import_ssq_outil-paint_05.png Graphic file (type png)

<use import_ssq_outil-paint_05.png>
Package pdftex.def Info: import_ssq_outil-paint_05.png used on input line 776.
(pdftex.def)             Requested size: 721.19263pt x 576.65295pt.
File: import_ssq_outil-paint_05.png Graphic file (type png)
 <use import_ssq_outil-paint_05.png>
Package pdftex.def Info: import_ssq_outil-paint_05.png used on input line 776.
(pdftex.def)             Requested size: 452.96788pt x 362.18549pt.

[18 <./import_ssq_outil-paint_03.png> <./import_ssq_outil-paint_04.png>]
<import_ssq_outil-paint_06.png, id=380, 274.02374pt x 132.495pt>
File: import_ssq_outil-paint_06.png Graphic file (type png)

<use import_ssq_outil-paint_06.png>
Package pdftex.def Info: import_ssq_outil-paint_06.png used on input line 780.
(pdftex.def)             Requested size: 274.02307pt x 132.49466pt.
 [19 <./import_ssq_outil-paint_05.png> <./import_ssq_outil-paint_06.png>] [20]
Overfull \hbox (24.85086pt too wide) in paragraph at lines 905--905
\T1/ppl/b/n/12 thode/Outil|  
 []


Overfull \hbox (0.63507pt too wide) in paragraph at lines 905--905
[]\T1/ppl/b/n/12 Échelle 
 []


Overfull \hbox (23.62057pt too wide) in paragraph at lines 1--935
[]\T1/zi4/m/n/12 photo-match|  
 []

[21] [22] [23] [24] [25]
<gestionnaire-scenes.png, id=446, 177.66376pt x 266.49562pt>
File: gestionnaire-scenes.png Graphic file (type png)

<use gestionnaire-scenes.png>
Package pdftex.def Info: gestionnaire-scenes.png used on input line 1259.
(pdftex.def)             Requested size: 177.66331pt x 266.49496pt.
 [26]
<ic_bo_vues.png, id=457, 139.27031pt x 21.83156pt>
File: ic_bo_vues.png Graphic file (type png)
 <use ic_bo_vues.png>
Package pdftex.def Info: ic_bo_vues.png used on input line 1295.
(pdftex.def)             Requested size: 139.26996pt x 21.8315pt.

[27 <./gestionnaire-scenes.png> <./ic_bo_vues.png>]
<ic_coupe.png, id=467, 21.07875pt x 22.58438pt>
File: ic_coupe.png Graphic file (type png)
 <use ic_coupe.png>
Package pdftex.def Info: ic_coupe.png used on input line 1347.
(pdftex.def)             Requested size: 21.07867pt x 22.5843pt.
LaTeX Font Info:    Font shape `T1/zi4/bx/n' in size <12> not available
(Font)              Font shape `T1/zi4/b/n' tried instead on input line 1370.
 [28 <./ic_coupe.png (PNG copy)>] [29] [30

]
Chapitre 3.

Underfull \hbox (badness 10000) in paragraph at lines 1446--1447
[]\T1/ppl/m/n/12 Tous les ré-glages ci-dessous sont en-re-gis-trés dans un fi-c
hier \T1/ppl/b/n/12 ga-ba-rit
 []

[31]
Overfull \hbox (660.22392pt too wide) in paragraph at lines 1461--1461
[]
 []


Underfull \hbox (badness 10000) in paragraph at lines 1461--1461

 []

[32] <capt_config-acad_affichage-ruban.png, id=504, 542.025pt x 392.21532pt>
File: capt_config-acad_affichage-ruban.png Graphic file (type png)

<use capt_config-acad_affichage-ruban.png>
Package pdftex.def Info: capt_config-acad_affichage-ruban.png used on input lin
e 1531.
(pdftex.def)             Requested size: 542.02367pt x 392.21436pt.
File: capt_config-acad_affichage-ruban.png Graphic file (type png)

<use capt_config-acad_affichage-ruban.png>
Package pdftex.def Info: capt_config-acad_affichage-ruban.png used on input lin
e 1531.
(pdftex.def)             Requested size: 452.96788pt x 327.7829pt.
 [33 <./capt_config-acad_affichage-ruban.png>] [34] [35]
<style_txt-1.5mm-anot.png, id=528, 466.74374pt x 301.8778pt>
File: style_txt-1.5mm-anot.png Graphic file (type png)

<use style_txt-1.5mm-anot.png>
Package pdftex.def Info: style_txt-1.5mm-anot.png used on input line 1880.
(pdftex.def)             Requested size: 466.7426pt x 301.87706pt.
File: style_txt-1.5mm-anot.png Graphic file (type png)
 <use style_txt-1.5mm-anot.png>
Package pdftex.def Info: style_txt-1.5mm-anot.png used on input line 1880.
(pdftex.def)             Requested size: 452.96788pt x 292.98233pt.
 [36] [37 <./style_txt-1.5mm-anot.png>] <cotstyle_00.png, id=544, 383.18156pt x
 119.69719pt>
File: cotstyle_00.png Graphic file (type png)

<use cotstyle_00.png>
Package pdftex.def Info: cotstyle_00.png used on input line 1954.
(pdftex.def)             Requested size: 383.18062pt x 119.69688pt.
 <cotstyle_0.png, id=545, 396.7322pt x 277.78781pt>
File: cotstyle_0.png Graphic file (type png)

<use cotstyle_0.png>
Package pdftex.def Info: cotstyle_0.png used on input line 1964.
(pdftex.def)             Requested size: 396.73122pt x 277.78711pt.
 <cotstyle_1.png, id=546, 430.60875pt x 390.70969pt>
File: cotstyle_1.png Graphic file (type png)

<use cotstyle_1.png>
Package pdftex.def Info: cotstyle_1.png used on input line 1975.
(pdftex.def)             Requested size: 430.60768pt x 390.70872pt.
 <cotstyle_2.png, id=547, 430.60875pt x 390.70969pt>
File: cotstyle_2.png Graphic file (type png)

<use cotstyle_2.png>
Package pdftex.def Info: cotstyle_2.png used on input line 1986.
(pdftex.def)             Requested size: 430.60768pt x 390.70872pt.
 <cotstyle_3.png, id=548, 430.60875pt x 390.70969pt>
File: cotstyle_3.png Graphic file (type png)

<use cotstyle_3.png>
Package pdftex.def Info: cotstyle_3.png used on input line 1997.
(pdftex.def)             Requested size: 430.60768pt x 390.70872pt.
 <cotstyle_4.png, id=549, 430.60875pt x 390.70969pt>
File: cotstyle_4.png Graphic file (type png)

<use cotstyle_4.png>
Package pdftex.def Info: cotstyle_4.png used on input line 2008.
(pdftex.def)             Requested size: 430.60768pt x 390.70872pt.
 [38 <./cotstyle_00.png> <./cotstyle_0.png>] [39 <./cotstyle_1.png>] [40 <./cot
style_2.png>] [41 <./cotstyle_3.png>] [42 <./cotstyle_4.png>] <cote_m+cm.png, i
d=584, 370.38374pt x 301.125pt>
File: cote_m+cm.png Graphic file (type png)
 <use cote_m+cm.png>
Package pdftex.def Info: cote_m+cm.png used on input line 2024.
(pdftex.def)             Requested size: 370.38283pt x 301.12425pt.

<tablo-styles_titre+entete+donnees.png, id=585, 572.89032pt x 358.33875pt>
File: tablo-styles_titre+entete+donnees.png Graphic file (type png)

<use tablo-styles_titre+entete+donnees.png>
Package pdftex.def Info: tablo-styles_titre+entete+donnees.png used on input li
ne 2036.
(pdftex.def)             Requested size: 572.88892pt x 358.33788pt.
File: tablo-styles_titre+entete+donnees.png Graphic file (type png)

<use tablo-styles_titre+entete+donnees.png>
Package pdftex.def Info: tablo-styles_titre+entete+donnees.png used on input li
ne 2036.
(pdftex.def)             Requested size: 452.96788pt x 283.33057pt.
 [43 <./cote_m+cm.png (PNG copy)>]
<styles_reper-multiples.png, id=593, 210.03468pt x 136.25906pt>
File: styles_reper-multiples.png Graphic file (type png)

<use styles_reper-multiples.png>
Package pdftex.def Info: styles_reper-multiples.png used on input line 2085.
(pdftex.def)             Requested size: 210.03416pt x 136.25871pt.
 [44 <./tablo-styles_titre+entete+donnees.png>] [45 <./styles_reper-multiples.p
ng>]
Overfull \hbox (72.22845pt too wide) in paragraph at lines 2223--2223
[]
 []


Underfull \hbox (badness 10000) in paragraph at lines 2223--2223

 []

<gel-calque_en-presentation_00.png, id=611, 298.86656pt x 269.50688pt>
File: gel-calque_en-presentation_00.png Graphic file (type png)

<use gel-calque_en-presentation_00.png>
Package pdftex.def Info: gel-calque_en-presentation_00.png used on input line 2
242.
(pdftex.def)             Requested size: 298.86581pt x 269.50621pt.
 [46]
<gel-calque_en-presentation_01.png, id=617, 465.23813pt x 313.9228pt>
File: gel-calque_en-presentation_01.png Graphic file (type png)

<use gel-calque_en-presentation_01.png>
Package pdftex.def Info: gel-calque_en-presentation_01.png used on input line 2
247.
(pdftex.def)             Requested size: 465.23698pt x 313.92203pt.
File: gel-calque_en-presentation_01.png Graphic file (type png)

<use gel-calque_en-presentation_01.png>
Package pdftex.def Info: gel-calque_en-presentation_01.png used on input line 2
247.
(pdftex.def)             Requested size: 452.96788pt x 305.65436pt.

<gel-calque_en-presentation_02.png, id=618, 415.5525pt x 194.97844pt>
File: gel-calque_en-presentation_02.png Graphic file (type png)

<use gel-calque_en-presentation_02.png>
Package pdftex.def Info: gel-calque_en-presentation_02.png used on input line 2
252.
(pdftex.def)             Requested size: 415.55148pt x 194.97795pt.

<gel-calque_en-presentation_03.png, id=619, 414.79968pt x 202.50656pt>
File: gel-calque_en-presentation_03.png Graphic file (type png)

<use gel-calque_en-presentation_03.png>
Package pdftex.def Info: gel-calque_en-presentation_03.png used on input line 2
257.
(pdftex.def)             Requested size: 414.79868pt x 202.50604pt.
 [47 <./gel-calque_en-presentation_00.png>] [48 <./gel-calque_en-presentation_0
1.png (PNG copy)> <./gel-calque_en-presentation_02.png>] [49 <./gel-calque_en-p
resentation_03.png>] [50]
Chapitre 4.
[51

] [52] [53] [54]
LaTeX Font Info:    Try loading font information for TS1+zi4 on input line 1.

(/usr/local/texlive/2015/texmf-dist/tex/latex/inconsolata/ts1zi4.fd
File: ts1zi4.fd 2014/06/22 Fontinst v1.933 font definitions for TS1/zi4.
) [55]
<mdl01-maison-ecoconst-vast_ombre+couleur.png, id=688, 1204.5pt x 854.19125pt>
File: mdl01-maison-ecoconst-vast_ombre+couleur.png Graphic file (type png)

<use mdl01-maison-ecoconst-vast_ombre+couleur.png>
Package pdftex.def Info: mdl01-maison-ecoconst-vast_ombre+couleur.png used on i
nput line 2712.
(pdftex.def)             Requested size: 317.07613pt x 224.8607pt.
 [56]
Underfull \hbox (badness 7504) in paragraph at lines 2715--2716
\T1/ppl/m/it/12 3D Wa-re-house\T1/ppl/m/n/12 , on pren-dra un mo-dèle mo-derne,
 dans l'es-prit ``éco-
 []


Underfull \hbox (badness 5711) in paragraph at lines 2715--2716
\T1/ppl/m/n/12 cons-truc-tion''. Cli-quez sur le lien et en-re-gis-trez le fi-c
hier sur votre
 []


Underfull \hbox (badness 10000) in paragraph at lines 2715--2716
\T1/ppl/m/n/12 disque dur : [][]$http : / / sketchup . google . com / 3dwarehou
se / details ? mid =
 []

[57 <./mdl01-maison-ecoconst-vast_ombre+couleur.png>]
Underfull \hbox (badness 10000) in paragraph at lines 2811--2812
[]\T1/ppl/m/n/12 faites glis-ser le cur-seur droit vers la gauche : le brouilla
rd
 []

[58]
<capt_ng_sketchup_su+psp_rendu-facades_04.png, id=717, 292.09125pt x 100.12407p
t>
File: capt_ng_sketchup_su+psp_rendu-facades_04.png Graphic file (type png)
 <use capt_ng_sketchup_su+psp_rendu-facades_04.png>
Package pdftex.def Info: capt_ng_sketchup_su+psp_rendu-facades_04.png used on i
nput line 2883.
(pdftex.def)             Requested size: 317.07613pt x 108.69763pt.

<capt_ng_sketchup_su+psp_rendu-facades_05.png, id=718, 542.77782pt x 332.74312p
t>
File: capt_ng_sketchup_su+psp_rendu-facades_05.png Graphic file (type png)
 <use capt_ng_sketchup_su+psp_rendu-facades_05.png>
Package pdftex.def Info: capt_ng_sketchup_su+psp_rendu-facades_05.png used on i
nput line 2888.
(pdftex.def)             Requested size: 317.07613pt x 194.38737pt.
 [59 <./capt_ng_sketchup_su+psp_rendu-facades_04.png (PNG copy)> <./capt_ng_ske
tchup_su+psp_rendu-facades_05.png>]
File: capt_ng_sketchup_su+psp_rendu-facades_05.png Graphic file (type png)
 <use capt_ng_sketchup_su+psp_rendu-facades_05.png>
Package pdftex.def Info: capt_ng_sketchup_su+psp_rendu-facades_05.png used on i
nput line 2917.
(pdftex.def)             Requested size: 317.07613pt x 194.38737pt.

<capt_ng_sketchup_su+psp_rendu-facades_10.png, id=728, 176.15813pt x 462.97969p
t>
File: capt_ng_sketchup_su+psp_rendu-facades_10.png Graphic file (type png)
 <use capt_ng_sketchup_su+psp_rendu-facades_10.png>
Package pdftex.def Info: capt_ng_sketchup_su+psp_rendu-facades_10.png used on i
nput line 2955.
(pdftex.def)             Requested size: 176.15768pt x 462.97855pt.
 [60]
<mdl01-maison-ecoconst-vast-final.png, id=733, 1204.5pt x 854.19125pt>
File: mdl01-maison-ecoconst-vast-final.png Graphic file (type png)

<use mdl01-maison-ecoconst-vast-final.png>
Package pdftex.def Info: mdl01-maison-ecoconst-vast-final.png used on input lin
e 2983.
(pdftex.def)             Requested size: 317.07613pt x 224.8607pt.
 [61 <./capt_ng_sketchup_su+psp_rendu-facades_10.png>]
Overfull \hbox (96.19164pt too wide) in paragraph at lines 2995--2995
[]
 []


Underfull \hbox (badness 10000) in paragraph at lines 2995--2995

 []

[62 <./mdl01-maison-ecoconst-vast-final.png>] [63]
<tuto-insertion_palette_calques.png, id=755, 210.03468pt x 175.40532pt>
File: tuto-insertion_palette_calques.png Graphic file (type png)

<use tuto-insertion_palette_calques.png>
Package pdftex.def Info: tuto-insertion_palette_calques.png used on input line 
3138.
(pdftex.def)             Requested size: 125.12915pt x 104.49994pt.
 [64 <./tuto-insertion_palette_calques.png>] <faire_jaquette_cd_01.png, id=762,
 362.153pt x 371.205pt>
File: faire_jaquette_cd_01.png Graphic file (type png)

<use faire_jaquette_cd_01.png>
Package pdftex.def Info: faire_jaquette_cd_01.png used on input line 3176.
(pdftex.def)             Requested size: 317.07613pt x 325.02448pt.
 [65]
<faire_jaquette_cd_02.png, id=769, 358.941pt x 280.04625pt>
File: faire_jaquette_cd_02.png Graphic file (type png)

<use faire_jaquette_cd_02.png>
Package pdftex.def Info: faire_jaquette_cd_02.png used on input line 3185.
(pdftex.def)             Requested size: 317.07613pt x 247.38153pt.
 [66 <./faire_jaquette_cd_01.png (PNG copy)> <./faire_jaquette_cd_02.png (PNG c
opy)>]
<faire_jaquette_cd_03.png, id=775, 361.35pt x 365.45625pt>
File: faire_jaquette_cd_03.png Graphic file (type png)

<use faire_jaquette_cd_03.png>
Package pdftex.def Info: faire_jaquette_cd_03.png used on input line 3218.
(pdftex.def)             Requested size: 317.07613pt x 320.68237pt.
 [67 <./faire_jaquette_cd_03.png (PNG copy)>]
[68]
Underfull \hbox (badness 10000) in paragraph at lines 3323--3324
[]\T1/ppl/m/n/12 les lo-gi-ciels pré-cedent per-mettent de ``bri-co-ler'' un as
-sem-
 []

LaTeX Font Info:    Try loading font information for TS1+ppl on input line 3326
.
(/usr/local/texlive/2015/texmf-dist/tex/latex/psnfss/ts1ppl.fd
File: ts1ppl.fd 2001/06/04 font definitions for TS1/ppl.
)
Underfull \hbox (badness 10000) in paragraph at lines 3326--3327
\T1/ppl/m/n/12 paris-[]20-[]gigapixels . com / fr/$[][], [][]$http : / / www . 
yosemite-[]17-[]gigapixels .
 []

[69] [70] [71] <autopano_01.png, id=830, 397.485pt x 235.69875pt>
File: autopano_01.png Graphic file (type png)

<use autopano_01.png>
Package pdftex.def Info: autopano_01.png used on input line 3586.
(pdftex.def)             Requested size: 397.48402pt x 235.69815pt.
 <autopano_02.png, id=831, 128.48pt x 107.58376pt>
File: autopano_02.png Graphic file (type png)

<use autopano_02.png>
Package pdftex.def Info: autopano_02.png used on input line 3592.
(pdftex.def)             Requested size: 128.47968pt x 107.58347pt.
 [72 <./autopano_01.png (PNG copy)> <./autopano_02.png (PNG copy)>] [73] [74]
Chapitre 5.
[75

] [76]
Chapitre 6.
(./canopee-docs.ind [77

] [78

]
LaTeX Font Info:    Try loading font information for T1+cmss on input line 4.

(/usr/local/texlive/2015/texmf-dist/tex/latex/base/t1cmss.fd
File: t1cmss.fd 2014/09/29 v2.5h Standard LaTeX font definitions
) [79


])
Package atveryend Info: Empty hook `BeforeClearDocument' on input line 3784.
Package atveryend Info: Empty hook `AfterLastShipout' on input line 3784.

(./canopee-docs.aux)
Package atveryend Info: Executing hook `AtVeryEndDocument' on input line 3784.
Package atveryend Info: Executing hook `AtEndAfterFileList' on input line 3784.

Package rerunfilecheck Info: File `canopee-docs.out' has not changed.
(rerunfilecheck)             Checksum: AE22E7337E6B6F6AC5E883FB1B299B4F;5721.


LaTeX Warning: There were multiply-defined labels.

Package atveryend Info: Empty hook `AtVeryVeryEnd' on input line 3784.
 ) 
Here is how much of TeX's memory you used:
 14757 strings out of 493054
 210649 string characters out of 6134766
 297912 words of memory out of 5000000
 17641 multiletter control sequences out of 15000+600000
 28092 words of font info for 62 fonts, out of 8000000 for 9000
 1142 hyphenation exceptions out of 8191
 36i,12n,48p,702b,654s stack positions out of 5000i,500n,10000p,200000b,80000s
{/usr/local/texlive/2015/texmf-dist/fonts/enc/dvips/cm-super/cm-super-t1.enc}
{/usr/local/texlive/2015/texmf-dist/fonts/enc/dvips/inconsolata/i4-ts1.enc}{/us
r/local/texlive/2015/texmf-dist/fonts/enc/dvips/inconsolata/i4-t1-0.enc}{/usr/l
ocal/texlive/2015/texmf-dist/fonts/enc/dvips/base/8r.enc}</usr/local/texlive/20
15/texmf-dist/fonts/type1/public/inconsolata/Inconsolata-zi4b.pfb></usr/local/t
exlive/2015/texmf-dist/fonts/type1/public/inconsolata/Inconsolata-zi4r.pfb></us
r/local/texlive/2015/texmf-dist/fonts/type1/public/amsfonts/cm/cmsy10.pfb></usr
/local/texlive/2015/texmf-dist/fonts/type1/public/mathpazo/fplmr.pfb></usr/loca
l/texlive/2015/texmf-dist/fonts/type1/public/cm-super/sfss1728.pfb></usr/local/
texlive/2015/texmf-dist/fonts/type1/urw/palatino/uplb8a.pfb></usr/local/texlive
/2015/texmf-dist/fonts/type1/urw/palatino/uplbi8a.pfb></usr/local/texlive/2015/
texmf-dist/fonts/type1/urw/palatino/uplr8a.pfb></usr/local/texlive/2015/texmf-d
ist/fonts/type1/urw/palatino/uplri8a.pfb>
Output written on canopee-docs.pdf (83 pages, 4111027 bytes).
PDF statistics:
 988 PDF objects out of 1000 (max. 8388607)
 816 compressed objects within 9 object streams
 292 named destinations out of 1000 (max. 500000)
 501 words of extra memory for PDF output out of 10000 (max. 10000000)

