This is pdfeTeX, Version 3.141592-1.30.3-2.2 (Web2c 7.5.5) (format=cont-en 2006.9.11)  19 SEP 2006 16:39
entering extended mode
\write18 enabled.
 (c:\contex\usr\local\context\tex\texmf-local/web2c/natural.tcx)
**figure-library.run \emergencyend
(./figure-library.run

ConTeXt  ver: 2006.05.08 23:37  fmt: 2006.9.11  int: english  mes: english

language        : language en is active
<protectionstate 0>
system          : cont-new loaded
(c:\contex\usr\local\context\tex\texmf-local/tex/context/base/cont-new.tex
systems         : beware: some patches loaded from cont-new.tex
color           : palette rollover is available
)
system          : cont-old loaded
(c:\contex\usr\local\context\tex\texmf-local/tex/context/base/cont-old.tex
loading         : Context Old Macros
)
system          : cont-fil loaded
(c:\contex\usr\local\context\tex\texmf-local/tex/context/base/cont-fil.tex
loading         : Context File Synonyms
)
system          : cont-sys loaded
(c:\contex\usr\local\context\tex\texmf-local/tex/context/user/cont-sys.tex)
bodyfont        : 12pt rm is loaded
language        : patterns nl->texnansi:texnansi->1->2:3 nl->ec:ec->2->2:3 fr->
texnansi:texnansi->3->2:3 fr->ec:ec->4->2:3 de->texnansi:texnansi->5->2:3 de->e
c:ec->6->2:3 it->texnansi:texnansi->7->2:3 it->ec:ec->8->2:3 pt->texnansi:texna
nsi->9->2:3 pt->ec:ec->10->2:3 hr->ec:ec->11->2:3 pl->pl0:pl0->12->2:3 pl->ec:e
c->13->2:3 pl->qx:qx->14->2:3 cz->il2:il2->15->2:3 cz->ec:ec->16->2:3 sk->il2:i
l2->17->2:3 sk->ec:ec->18->2:3 sl->ec:ec->19->2:3 en->ec:ec->21->2:3 uk->ec:ec-
>22->2:3 us->ec:ec->23->2:3 agr->agr:agr->24->2:3 da->ec:ec->25->2:3 sv->ec:ec-
>26->2:3 af->ec:ec->27->2:3 no->ec:ec->28->2:3 deo->ec:ec->29->2:3 es->ec:ec->3
0->2:3 ca->ec:ec->31->2:3 la->ec:ec->32->2:3 ro->ec:ec->33->2:3 tr->ec:ec->34->
2:3 fi->ec:ec->36->2:3 hu->ec:ec->37->2:3 loaded
specials        : tex,postscript,rokicki loaded
\openout2 = `figure-library.tui'.

system          : figure-library.top loaded
(./figure-library.top
specials        : loading definition file tpd
(c:\contex\usr\local\context\tex\texmf-local/tex/context/base/spec-tpd.tex
specials        : loading definition file fdf
(c:\contex\usr\local\context\tex\texmf-local/tex/context/base/spec-fdf.tex)
specials        : fdf loaded
)
specials        : fdf,tpd loaded
system          : module fig-make loaded
(c:\contex\usr\local\context\tex\texmf-local/tex/context/base/x-fig-01.tex
system          : module fig-00 loaded
(c:\contex\usr\local\context\tex\texmf-local/tex/context/base/x-fig-00.tex)
specials        : loading definition file tpd
(c:\contex\usr\local\context\tex\texmf-local/tex/context/base/spec-tpd.tex
specials        : loading definition file fdf
(c:\contex\usr\local\context\tex\texmf-local/tex/context/base/spec-fdf.tex)
specials        : fdf loaded
)
specials        : fdf,tpd loaded
<figure-library-figure-library.tmp>
\openout4 = `figure-library-figure-library.tmp'.


color           : system rgb is global activated
interaction     : active
(c:\contex\usr\local\context\tex\texmf-local/tex/context/base/type-pre.tex)
(c:\contex\usr\local\context\tex\texmf-local/tex/context/base/type-exa.tex
(c:\contex\usr\local\context\tex\texmf-local/tex/context/base/type-exa.tex)
(c:\contex\usr\local\context\tex\texmf-local/tex/context/base/type-syn.tex)
(c:\contex\usr\local\context\tex\texmf-local/tex/context/base/type-enc.tex)
(c:\contex\usr\local\context\tex\texmf-local/tex/context/base/type-siz.tex)
(c:\contex\usr\local\context\tex\texmf-local/tex/context/base/type-map.tex)
(c:\contex\usr\local\context\tex\texmf-local/tex/context/base/type-spe.tex)
(c:\contex\usr\local\context\tex\texmf-local/tex/context/base/type-akb.tex)
(c:\contex\usr\local\context\tex\texmf-local/tex/context/base/type-buy.tex)
(c:\contex\usr\local\context\tex\texmf-local/tex/context/base/type-exa.tex)
(c:\contex\usr\local\context\tex\texmf-local/tex/context/base/type-syn.tex)
(c:\contex\usr\local\context\tex\texmf-local/tex/context/base/type-enc.tex)
(c:\contex\usr\local\context\tex\texmf-local/tex/context/base/type-siz.tex)
(c:\contex\usr\local\context\tex\texmf-local/tex/context/base/type-map.tex)
(c:\contex\usr\local\context\tex\texmf-local/tex/context/base/type-spe.tex)
(c:\contex\usr\local\context\tex\texmf-local/tex/context/base/type-akb.tex)
(c:\contex\usr\local\context\tex\texmf-local/tex/context/base/type-buy.tex)
(c:\contex\usr\local\context\tex\texmf-local/tex/context/base/type-exa.tex)
(c:\contex\usr\local\context\tex\texmf-local/tex/context/base/type-syn.tex)
(c:\contex\usr\local\context\tex\texmf-local/tex/context/base/type-enc.tex)
(c:\contex\usr\local\context\tex\texmf-local/tex/context/base/type-siz.tex)
(c:\contex\usr\local\context\tex\texmf-local/tex/context/base/type-map.tex)
(c:\contex\usr\local\context\tex\texmf-local/tex/context/base/type-spe.tex)
(c:\contex\usr\local\context\tex\texmf-local/tex/context/base/type-akb.tex)
(c:\contex\usr\local\context\tex\texmf-local/tex/context/base/type-buy.tex)
(c:\contex\usr\local\context\tex\texmf-local/tex/context/base/type-exa.tex)
(c:\contex\usr\local\context\tex\texmf-local/tex/context/base/type-syn.tex)
(c:\contex\usr\local\context\tex\texmf-local/tex/context/base/type-enc.tex)
(c:\contex\usr\local\context\tex\texmf-local/tex/context/base/type-siz.tex)
(c:\contex\usr\local\context\tex\texmf-local/tex/context/base/type-map.tex)
(c:\contex\usr\local\context\tex\texmf-local/tex/context/base/type-spe.tex)
(c:\contex\usr\local\context\tex\texmf-local/tex/context/base/type-akb.tex)
(c:\contex\usr\local\context\tex\texmf-local/tex/context/base/type-buy.tex)
(c:\contex\usr\local\context\tex\texmf-local/tex/context/base/type-exa.tex)
(c:\contex\usr\local\context\tex\texmf-local/tex/context/base/type-syn.tex)
(c:\contex\usr\local\context\tex\texmf-local/tex/context/base/type-enc.tex)
(c:\contex\usr\local\context\tex\texmf-local/tex/context/base/type-siz.tex)
(c:\contex\usr\local\context\tex\texmf-local/tex/context/base/type-map.tex)
(c:\contex\usr\local\context\tex\texmf-local/tex/context/base/type-spe.tex)
(c:\contex\usr\local\context\tex\texmf-local/tex/context/base/type-akb.tex)
(c:\contex\usr\local\context\tex\texmf-local/tex/context/base/type-buy.tex)
(c:\contex\usr\local\context\tex\texmf-local/tex/context/base/type-exa.tex)
(c:\contex\usr\local\context\tex\texmf-local/tex/context/base/type-syn.tex)
(c:\contex\usr\local\context\tex\texmf-local/tex/context/base/type-enc.tex)
(c:\contex\usr\local\context\tex\texmf-local/tex/context/base/type-siz.tex)
(c:\contex\usr\local\context\tex\texmf-local/tex/context/base/type-map.tex)
(c:\contex\usr\local\context\tex\texmf-local/tex/context/base/type-spe.tex)
(c:\contex\usr\local\context\tex\texmf-local/tex/context/base/type-akb.tex)
(c:\contex\usr\local\context\tex\texmf-local/tex/context/base/type-buy.tex)
(c:\contex\usr\local\context\tex\texmf-local/tex/context/base/type-exa.tex)
(c:\contex\usr\local\context\tex\texmf-local/tex/context/base/type-syn.tex)
(c:\contex\usr\local\context\tex\texmf-local/tex/context/base/type-enc.tex)
(c:\contex\usr\local\context\tex\texmf-local/tex/context/base/type-siz.tex)
(c:\contex\usr\local\context\tex\texmf-local/tex/context/base/type-map.tex)
(c:\contex\usr\local\context\tex\texmf-local/tex/context/base/type-spe.tex)
(c:\contex\usr\local\context\tex\texmf-local/tex/context/base/type-akb.tex)
(c:\contex\usr\local\context\tex\texmf-local/tex/context/base/type-buy.tex)
(c:\contex\usr\local\context\tex\texmf-local/tex/context/base/type-exa.tex)
(c:\contex\usr\local\context\tex\texmf-local/tex/context/base/type-syn.tex)
(c:\contex\usr\local\context\tex\texmf-local/tex/context/base/type-enc.tex)
(c:\contex\usr\local\context\tex\texmf-local/tex/context/base/type-siz.tex)
(c:\contex\usr\local\context\tex\texmf-local/tex/context/base/type-map.tex)
(c:\contex\usr\local\context\tex\texmf-local/tex/context/base/type-spe.tex)
(c:\contex\usr\local\context\tex\texmf-local/tex/context/base/type-akb.tex)
(c:\contex\usr\local\context\tex\texmf-local/tex/context/base/type-buy.tex))
(./figure-library.tuo) (./figure-library.tuo) (./figure-library.tuo)
(./figure-library.tuo) (./figure-library.tuo) (./figure-library.tuo)
(./figure-library.tuo) (./figure-library.tuo) (./figure-library.tuo)
(./figure-library.tuo) (./figure-library.tuo) (./figure-library.tuo)
systems         : begin file figure-library at line 337
(./figure-library.xml) (./figure-library.xml
fonts           : resetting map file list
fonts           : using map file: original-base
fonts           : using map file: ec-public-lm
fonts           : using map file: ec-base
fonts           : using map file: original-ams-base
fonts           : using map file: original-ams-euler
fonts           : using map file: original-public-lm
fonts           : using map file: texnansi-base
fonts           : using map file: texnansi-urw-times
fonts           : using map file: original-youngryu-tx
fonts           : using map file: texnansi-urw-helvetica
fonts           : using map file: texnansi-urw-courier
 <./abo-free-gratuit_001.png (PNG copy)>
figures         : dimensions of ./abo-free-gratuit_001.png loaded from figurefi
le itself
(./figure-library.tuo)
interaction     : aspect ratio 589.4522 x 786.68906 (b x h)
interaction     : pdftex code inserted
[1.1] <./abo-free-gratuit_002.png (PNG copy)>
figures         : dimensions of ./abo-free-gratuit_002.png loaded from figurefi
le itself
interaction     : aspect ratio 590.95781 x 735.49782 (b x h)
[2.1] <./abo-free-gratuit_003.png (PNG copy)>
figures         : dimensions of ./abo-free-gratuit_003.png loaded from figurefi
le itself
interaction     : aspect ratio 590.205 x 575.90157 (b x h)
[3.1] <./abo-free-gratuit_003-b.png (PNG copy)>
figures         : dimensions of ./abo-free-gratuit_003-b.png loaded from figure
file itself
interaction     : aspect ratio 590.95781 x 545.78906 (b x h)
[4.1] <./abo-free-gratuit_003-c.png (PNG copy)>
figures         : dimensions of ./abo-free-gratuit_003-c.png loaded from figure
file itself
interaction     : aspect ratio 592.46344 x 548.0475 (b x h)
[5.1] <./abo-free-gratuit_003-d.png (PNG copy)>
figures         : dimensions of ./abo-free-gratuit_003-d.png loaded from figure
file itself
interaction     : aspect ratio 590.205 x 546.54187 (b x h)
[6.1] <./abo-free-gratuit_004.png (PNG copy)>
figures         : dimensions of ./abo-free-gratuit_004.png loaded from figurefi
le itself
interaction     : aspect ratio 561.59813 x 549.55313 (b x h)
[7.1] <./abo-free-gratuit_005.png (PNG copy)>
figures         : dimensions of ./abo-free-gratuit_005.png loaded from figurefi
le itself
interaction     : aspect ratio 590.95781 x 609.02531 (b x h)
[8.1] <./abo-free-gratuit_006.png (PNG copy)>
figures         : dimensions of ./abo-free-gratuit_006.png loaded from figurefi
le itself
interaction     : aspect ratio 590.205 x 461.47406 (b x h)
[9.1]
Warning: pdfetex.exe (file ./ftp-filezilla-001.pdf): pdf inclusion: found pdf v
ersion <1.6>, but at most version <1.5> allowed
 <./ftp-filezilla-001.pdf>
figures         : dimensions of ./ftp-filezilla-001.pdf loaded from figurefile 
itself
interaction     : aspect ratio 480.79625 x 484.81125 (b x h)
[10.1] <./ftp-connect-client-txt-win.png (PNG copy)>
figures         : dimensions of ./ftp-connect-client-txt-win.png loaded from fi
gurefile itself
interaction     : aspect ratio 490.83376 x 217.5628 (b x h)
[11.1]) (./figure-library.xml
subject         : - Figure collection
{c:\contex\usr\local\context\tex\texmf-local/fonts/map/pdftex/context/original-
empty.map}{c:\contex\usr\local\context\tex\texmf-local/fonts/map/pdftex/context
/original-base.map}{c:\contex\usr\local\context\tex\texmf-local/fonts/map/pdfte
x/context/ec-public-lm.map}{c:\contex\usr\local\context\tex\texmf-local/fonts/m
ap/pdftex/context/ec-base.map}{c:\contex\usr\local\context\tex\texmf-local/font
s/map/pdftex/context/original-ams-base.map}{c:\contex\usr\local\context\tex\tex
mf-local/fonts/map/pdftex/context/original-ams-euler.map}{c:\contex\usr\local\c
ontext\tex\texmf-local/fonts/map/pdftex/context/original-public-lm.map}{c:\cont
ex\usr\local\context\tex\texmf-local/fonts/map/pdftex/context/texnansi-base.map
}{c:\contex\usr\local\context\tex\texmf-fonts/fonts/map/pdftex/context/texnansi
-urw-times.map}{c:\contex\usr\local\context\tex\texmf-local/fonts/map/pdftex/co
ntext/original-youngryu-tx.map}{c:\contex\usr\local\context\tex\texmf-fonts/fon
ts/map/pdftex/context/texnansi-urw-helvetica.map}{c:\contex\usr\local\context\t
ex\texmf-fonts/fonts/map/pdftex/context/texnansi-urw-courier.map}<<figure-libra
ry.xml>>
references      : unknown reference [][GridPg]
figures         : figureobject abo-free-gratuit_001.png is reused
figures         : figureobject abo-free-gratuit_001.png is reused
references      : unknown reference [][GridPg]
figures         : figureobject abo-free-gratuit_002.png is reused
figures         : figureobject abo-free-gratuit_002.png is reused
references      : unknown reference [][GridPg]
figures         : figureobject abo-free-gratuit_003.png is reused
figures         : figureobject abo-free-gratuit_003.png is reused
interaction     : aspect ratio 600.0 x 450.0 (b x h)
[12.1]
references      : unknown reference [][GridPg]
figures         : figureobject abo-free-gratuit_003-b.png is reused
figures         : figureobject abo-free-gratuit_003-b.png is reused
references      : unknown reference [][GridPg]
figures         : figureobject abo-free-gratuit_003-c.png is reused
figures         : figureobject abo-free-gratuit_003-c.png is reused
references      : unknown reference [][GridPg]
figures         : figureobject abo-free-gratuit_003-d.png is reused
figures         : figureobject abo-free-gratuit_003-d.png is reused
[13.2]
references      : unknown reference [][GridPg]
figures         : figureobject abo-free-gratuit_004.png is reused
figures         : figureobject abo-free-gratuit_004.png is reused
references      : unknown reference [][GridPg]
figures         : figureobject abo-free-gratuit_005.png is reused
figures         : figureobject abo-free-gratuit_005.png is reused
references      : unknown reference [][GridPg]
figures         : figureobject abo-free-gratuit_006.png is reused
figures         : figureobject abo-free-gratuit_006.png is reused
[14.3]
references      : unknown reference [][GridPg]
figures         : figureobject ftp-filezilla-001.pdf is reused
figures         : figureobject ftp-filezilla-001.pdf is reused
references      : unknown reference [][GridPg]
figures         : figureobject ftp-connect-client-txt-win.png is reused
figures         : figureobject ftp-connect-client-txt-win.png is reused
) [15.4]
subject         : - List of figures
(./figure-library.tuo) [16.5]
subject         : - Index of figures
(./figure-library.tuo)
columns         : balanced in 7 step(s)
[17.6]
systems         : end file figure-library at line 385
 ) ) ) 
Here is how much of TeX's memory you used:
 2660 strings out of 220870
 56383 string characters out of 1302060
 2624850 words of memory out of 4068699
 40968 multiletter control sequences out of 10000+100000
 103246 words of font info for 73 fonts, out of 1000000 for 2000
 232 hyphenation exceptions out of 8191
 75i,23n,103p,327b,1358s stack positions out of 10000i,500n,6000p,200000b,40000s
PDF statistics:
 209 PDF objects out of 300000
 48 named destinations out of 131072
 70 words of extra memory for PDF output out of 10000
{c:\contex\usr\local\context\tex\texmf/fonts/enc/dvips/base/texnansi.enc}
<c:\contex\usr\local\context\tex\texmf/fonts/type1/urw/times/utmri8a.pfb><c:\co
ntex\usr\local\context\tex\texmf/fonts/type1/public/txfonts/txsy.pfb><c:\contex
\usr\local\context\tex\texmf/fonts/type1/urw/times/utmr8a.pfb><c:\contex\usr\lo
cal\context\tex\texmf/fonts/type1/urw/times/utmb8a.pfb>
Output written on figure-library.pdf (17 pages, 731755 bytes).
